# JRE version: Java(TM) SE Runtime Environment (11.0+28) (build 11+28)
# Java VM: Java HotSpot(TM) 64-Bit Server VM (11+28, mixed mode, tiered, compressed oops, g1 gc, windows-amd64)
Heap:
 garbage-first heap   total 251904K, used 105889K [0x000000070a200000, 0x0000000800000000)
  region size 1024K, 52 young (53248K), 17 survivors (17408K)
 Metaspace       used 81369K, capacity 84307K, committed 84656K, reserved 1122304K
  class space    used 9787K, capacity 10903K, committed 11008K, reserved 1048576K
GC Heap History (10 events):
Event: 253.771 GC heap before
{Heap before GC invocations=22 (full 0):
 garbage-first heap   total 251904K, used 182375K [0x000000070a200000, 0x0000000800000000)
  region size 1024K, 129 young (132096K), 17 survivors (17408K)
 Metaspace       used 81353K, capacity 84283K, committed 84400K, reserved 1122304K
  class space    used 9784K, capacity 10899K, committed 11008K, reserved 1048576K
}
Event: 253.778 GC heap after
{Heap after GC invocations=23 (full 0):
 garbage-first heap   total 251904K, used 69114K [0x000000070a200000, 0x0000000800000000)
  region size 1024K, 17 young (17408K), 17 survivors (17408K)
 Metaspace       used 81353K, capacity 84283K, committed 84400K, reserved 1122304K
  class space    used 9784K, capacity 10899K, committed 11008K, reserved 1048576K
}
Event: 273.029 GC heap before
{Heap before GC invocations=23 (full 0):
 garbage-first heap   total 251904K, used 183802K [0x000000070a200000, 0x0000000800000000)
  region size 1024K, 130 young (133120K), 17 survivors (17408K)
 Metaspace       used 81368K, capacity 84307K, committed 84656K, reserved 1122304K
  class space    used 9787K, capacity 10903K, committed 11008K, reserved 1048576K
}
Event: 273.037 GC heap after
{Heap after GC invocations=24 (full 0):
 garbage-first heap   total 251904K, used 69762K [0x000000070a200000, 0x0000000800000000)
  region size 1024K, 17 young (17408K), 17 survivors (17408K)
 Metaspace       used 81368K, capacity 84307K, committed 84656K, reserved 1122304K
  class space    used 9787K, capacity 10903K, committed 11008K, reserved 1048576K
}
Event: 293.799 GC heap before
{Heap before GC invocations=24 (full 0):
 garbage-first heap   total 251904K, used 183426K [0x000000070a200000, 0x0000000800000000)
  region size 1024K, 129 young (132096K), 17 survivors (17408K)
 Metaspace       used 81369K, capacity 84307K, committed 84656K, reserved 1122304K
  class space    used 9787K, capacity 10903K, committed 11008K, reserved 1048576K
}
Event: 293.805 GC heap after
{Heap after GC invocations=25 (full 0):
 garbage-first heap   total 251904K, used 70133K [0x000000070a200000, 0x0000000800000000)
  region size 1024K, 17 young (17408K), 17 survivors (17408K)
 Metaspace       used 81369K, capacity 84307K, committed 84656K, reserved 1122304K
  class space    used 9787K, capacity 10903K, committed 11008K, reserved 1048576K
}
Event: 313.270 GC heap before
{Heap before GC invocations=25 (full 0):
 garbage-first heap   total 251904K, used 183797K [0x000000070a200000, 0x0000000800000000)
  region size 1024K, 129 young (132096K), 17 survivors (17408K)
 Metaspace       used 81369K, capacity 84307K, committed 84656K, reserved 1122304K
  class space    used 9787K, capacity 10903K, committed 11008K, reserved 1048576K
}
Event: 313.277 GC heap after
{Heap after GC invocations=26 (full 0):
 garbage-first heap   total 251904K, used 70530K [0x000000070a200000, 0x0000000800000000)
  region size 1024K, 17 young (17408K), 17 survivors (17408K)
 Metaspace       used 81369K, capacity 84307K, committed 84656K, reserved 1122304K
  class space    used 9787K, capacity 10903K, committed 11008K, reserved 1048576K
}
Event: 332.066 GC heap before
{Heap before GC invocations=26 (full 0):
 garbage-first heap   total 251904K, used 184194K [0x000000070a200000, 0x0000000800000000)
  region size 1024K, 129 young (132096K), 17 survivors (17408K)
 Metaspace       used 81369K, capacity 84307K, committed 84656K, reserved 1122304K
  class space    used 9787K, capacity 10903K, committed 11008K, reserved 1048576K
}
Event: 332.073 GC heap after
{Heap after GC invocations=27 (full 0):
 garbage-first heap   total 251904K, used 71073K [0x000000070a200000, 0x0000000800000000)
  region size 1024K, 17 young (17408K), 17 survivors (17408K)
 Metaspace       used 81369K, capacity 84307K, committed 84656K, reserved 1122304K
  class space    used 9787K, capacity 10903K, committed 11008K, reserved 1048576K
}

